<?xml version="1.0" encoding="UTF-8"?>
<!-- Generated by org.testng.reporters.JUnitXMLReporter -->
<testsuite ignored="0" hostname="Geervani" failures="0" tests="10" name="Default test" time="19.415" errors="0" timestamp="2024-12-20T20:01:53 IST">
  <testcase classname="com.RestApi.Contactlist" name="AddUser" time="6.072"/>
  <testcase classname="com.RestApi.Contactlist" name="UserProfile" time="1.206"/>
  <testcase classname="com.RestApi.Contactlist" name="UpdateUser" time="1.759"/>
  <testcase classname="com.RestApi.Contactlist" name="LogInUser" time="2.243"/>
  <testcase classname="com.RestApi.Contactlist" name="AddContact" time="1.239"/>
  <testcase classname="com.RestApi.Contactlist" name="GetContactList" time="1.211"/>
  <testcase classname="com.RestApi.Contactlist" name="GetContact" time="1.257"/>
  <testcase classname="com.RestApi.Contactlist" name="UpdateContact" time="1.241"/>
  <testcase classname="com.RestApi.Contactlist" name="Updatecontactpartial" time="1.798"/>
  <testcase classname="com.RestApi.Contactlist" name="LogoutUser" time="1.208"/>
</testsuite> <!-- Default test -->
