<?xml version="1.0" encoding="UTF-8"?>
<!-- Generated by org.testng.reporters.JUnitXMLReporter -->
<testsuite ignored="0" hostname="Geervani" failures="0" tests="10" name="Default test" time="18.668" errors="0" timestamp="2024-12-23T21:04:06 IST">
  <testcase classname="com.RestApi.Contactlist" name="AddUser" time="5.871"/>
  <testcase classname="com.RestApi.Contactlist" name="UserProfile" time="1.424"/>
  <testcase classname="com.RestApi.Contactlist" name="UpdateUser" time="1.365"/>
  <testcase classname="com.RestApi.Contactlist" name="LogInUser" time="1.433"/>
  <testcase classname="com.RestApi.Contactlist" name="AddContact" time="1.751"/>
  <testcase classname="com.RestApi.Contactlist" name="GetContactList" time="1.38"/>
  <testcase classname="com.RestApi.Contactlist" name="GetContact" time="1.286"/>
  <testcase classname="com.RestApi.Contactlist" name="UpdateContact" time="1.327"/>
  <testcase classname="com.RestApi.Contactlist" name="Updatecontactpartial" time="1.354"/>
  <testcase classname="com.RestApi.Contactlist" name="LogoutUser" time="1.354"/>
</testsuite> <!-- Default test -->
