<?xml version="1.0" encoding="UTF-8"?>
<!-- Generated by org.testng.reporters.JUnitXMLReporter -->
<testsuite ignored="0" hostname="Geervani" failures="0" tests="7" name="Excel" time="29.968" errors="0" timestamp="2024-12-27T21:16:45 IST">
  <testcase classname="com.TestCase.HrmTestcase" name="LanuchBrowser" time="9.029"/>
  <testcase classname="com.TestCase.HrmTestcase" name="doLogin" time="3.154"/>
  <testcase classname="com.TestCase.HrmTestcase" name="verifyAdmin" time="1.949"/>
  <testcase classname="com.TestCase.HrmTestcase" name="VerifySearchWithUsername" time="5.444"/>
  <testcase classname="com.TestCase.HrmTestcase" name="VerifySerchWithUserRole" time="4.165"/>
  <testcase classname="com.TestCase.HrmTestcase" name="VerifySerchWithUserStatus" time="3.483"/>
  <testcase classname="com.TestCase.HrmTestcase" name="logout" time="2.208"/>
</testsuite> <!-- Excel -->
