<?xml version="1.0" encoding="UTF-8"?>
<!-- Generated by org.testng.reporters.JUnitXMLReporter -->
<testsuite ignored="0" hostname="Geervani" failures="2" tests="6" name="OHrm" time="89.299" errors="0" timestamp="2024-12-27T21:39:51 IST">
  <testcase classname="com.ExcelTest.OHRM1" name="login" time="12.399"/>
  <testcase classname="com.ExcelTest.OHRM1" name="login" time="18.886">
    <failure type="java.lang.AssertionError" message="Login Fail expected [true] but found [false]">
      <![CDATA[java.lang.AssertionError: Login Fail expected [true] but found [false]
at com.ExcelTest.OHRM1.login(OHRM1.java:36)
at java.base/java.util.ArrayList.forEach(ArrayList.java:1597)
... Removed 28 stack frames]]>
    </failure>
  </testcase> <!-- login -->
  <testcase classname="com.ExcelTest.OHRM1" name="login" time="20.038"/>
  <testcase classname="com.ExcelTest.OHRM1" name="login" time="12.998">
    <failure type="java.lang.AssertionError" message="Login Fail expected [true] but found [false]">
      <![CDATA[java.lang.AssertionError: Login Fail expected [true] but found [false]
at com.ExcelTest.OHRM1.login(OHRM1.java:36)
at java.base/java.util.ArrayList.forEach(ArrayList.java:1597)
... Removed 28 stack frames]]>
    </failure>
  </testcase> <!-- login -->
  <testcase classname="com.ExcelTest.OHRM1" name="login" time="17.932"/>
  <testcase classname="com.ExcelTest.OHRM1" name="logout" time="3.817"/>
</testsuite> <!-- OHrm -->
