<?xml version="1.0" encoding="UTF-8"?>
<!-- Generated by org.testng.reporters.JUnitXMLReporter -->
<testsuite ignored="0" hostname="Geervani" failures="0" tests="7" name="Test" time="44.52" errors="0" timestamp="2024-12-23T19:47:21 IST">
  <testcase classname="com.Testcases.DemoblazeTestcase" name="VerifySignUp" time="2.354"/>
  <testcase classname="com.Testcases.DemoblazeTestcase" name="VerifyLogin" time="11.56"/>
  <testcase classname="com.Testcases.DemoblazeTestcase" name="displayCategories" time="1.816"/>
  <testcase classname="com.Testcases.DemoblazeTestcase" name="selectLaptopAndAddToCart" time="7.893"/>
  <testcase classname="com.Testcases.DemoblazeTestcase" name="selectMonitorsAndAddToCart" time="5.285"/>
  <testcase classname="com.Testcases.DemoblazeTestcase" name="clickOnCart" time="7.039"/>
  <testcase classname="com.Testcases.DemoblazeTestcase" name="OrderDetails" time="5.363"/>
</testsuite> <!-- Test -->
