<?xml version="1.0" encoding="UTF-8"?>
<!-- Generated by org.testng.reporters.JUnitXMLReporter -->
<testsuite ignored="0" hostname="Geervani" failures="0" tests="10" name="Test" time="17.549" errors="0" timestamp="2024-12-23T21:06:19 IST">
  <testcase classname="com.RestApi.Contactlist" name="AddUser" time="5.236"/>
  <testcase classname="com.RestApi.Contactlist" name="UserProfile" time="1.331"/>
  <testcase classname="com.RestApi.Contactlist" name="UpdateUser" time="1.388"/>
  <testcase classname="com.RestApi.Contactlist" name="LogInUser" time="1.373"/>
  <testcase classname="com.RestApi.Contactlist" name="AddContact" time="1.399"/>
  <testcase classname="com.RestApi.Contactlist" name="GetContactList" time="1.281"/>
  <testcase classname="com.RestApi.Contactlist" name="GetContact" time="1.4"/>
  <testcase classname="com.RestApi.Contactlist" name="UpdateContact" time="1.336"/>
  <testcase classname="com.RestApi.Contactlist" name="Updatecontactpartial" time="1.341"/>
  <testcase classname="com.RestApi.Contactlist" name="LogoutUser" time="1.318"/>
</testsuite> <!-- Test -->
